#
# There is insufficient memory for the Java Runtime Environment to continue.
# Native memory allocation (mmap) failed to map 266338304 bytes for G1 virtual space
# Possible reasons:
#   The system is out of physical RAM or swap space
#   The process is running with CompressedOops enabled, and the Java Heap may be blocking the growth of the native heap
# Possible solutions:
#   Reduce memory load on the system
#   Increase physical memory or swap space
#   Check if swap backing store is full
#   Decrease Java heap size (-Xmx/-Xms)
#   Decrease number of Java threads
#   Decrease Java thread stack sizes (-Xss)
#   Set larger code cache with -XX:ReservedCodeCacheSize=
#   JVM is running with Zero Based Compressed Oops mode in which the Java heap is
#     placed in the first 32GB address space. The Java Heap base address is the
#     maximum limit for the native heap growth. Please use -XX:HeapBaseMinAddress
#     to set the Java Heap base and to place the Java Heap above 32GB virtual address.
# This output file may be truncated or incomplete.
#
#  Out of Memory Error (os_windows.cpp:3532), pid=32948, tid=40076
#
# JRE version:  (17.0.2+8) (build )
# Java VM: OpenJDK 64-Bit Server VM (17.0.2+8, mixed mode, emulated-client, sharing, tiered, compressed oops, compressed class ptrs, g1 gc, windows-amd64)
# No core dump will be written. Minidumps are not enabled by default on client versions of Windows
#

---------------  S U M M A R Y ------------

Command Line: -Dsts.lsp.client=vscode -Dsts.log.file=/dev/null -XX:TieredStopAtLevel=1 -Dspring.config.location=file:c:\Users\N_hashimoto\scoop\apps\vscode-portable\1.63.2\data\extensions\pivotal.vscode-spring-boot-1.32.0\language-server\BOOT-INF\classes\application.properties org.springframework.ide.vscode.boot.app.BootLanguageServerBootApp

Host: Intel(R) Core(TM) i7-9750H CPU @ 2.60GHz, 12 cores, 15G,  Windows 10 , 64 bit Build 19041 (10.0.19041.1566)
Time: Wed Mar 23 18:05:58 2022  Windows 10 , 64 bit Build 19041 (10.0.19041.1566) elapsed time: 0.433880 seconds (0d 0h 0m 0s)

---------------  T H R E A D  ---------------

Current thread (0x000002688d657190):  JavaThread "Unknown thread" [_thread_in_vm, id=40076, stack(0x0000006fa3f00000,0x0000006fa4000000)]

Stack: [0x0000006fa3f00000,0x0000006fa4000000]
Native frames: (J=compiled Java code, j=interpreted, Vv=VM code, C=native code)
V  [jvm.dll+0x67564a]
V  [jvm.dll+0x82fc04]
V  [jvm.dll+0x8313ae]
V  [jvm.dll+0x831a13]
V  [jvm.dll+0x245235]
V  [jvm.dll+0x672539]
V  [jvm.dll+0x666e82]
V  [jvm.dll+0x30401b]
V  [jvm.dll+0x30b566]
V  [jvm.dll+0x35b1fe]
V  [jvm.dll+0x35b42f]
V  [jvm.dll+0x2daf58]
V  [jvm.dll+0x2dbec4]
V  [jvm.dll+0x801881]
V  [jvm.dll+0x368f81]
V  [jvm.dll+0x7e0cdc]
V  [jvm.dll+0x3eb8bf]
V  [jvm.dll+0x3ed441]
C  [jli.dll+0x5277]
C  [ucrtbase.dll+0x21bb2]
C  [KERNEL32.DLL+0x17034]
C  [ntdll.dll+0x52651]


---------------  P R O C E S S  ---------------

Threads class SMR info:
_java_thread_list=0x00007ffa553c5e98, length=0, elements={
}

Java Threads: ( => current thread )

Other Threads:
  0x000002688d6a5de0 GCTaskThread "GC Thread#0" [stack: 0x0000006fa4000000,0x0000006fa4100000] [id=34860]
  0x000002688d6b8250 ConcurrentGCThread "G1 Main Marker" [stack: 0x0000006fa4100000,0x0000006fa4200000] [id=29144]
  0x000002688d6b9400 ConcurrentGCThread "G1 Conc#0" [stack: 0x0000006fa4200000,0x0000006fa4300000] [id=39420]

[error occurred during error reporting (printing all threads), id 0xc0000005, EXCEPTION_ACCESS_VIOLATION (0xc0000005) at pc=0x00007ffa54b9b9d7]

VM state: not at safepoint (not fully initialized)

VM Mutex/Monitor currently owned by a thread:  ([mutex/lock_event])
[0x000002688d652850] Heap_lock - owner thread: 0x000002688d657190

Heap address: 0x0000000702e00000, size: 4050 MB, Compressed Oops mode: Zero based, Oop shift amount: 3

CDS archive(s) mapped at: [0x0000000000000000-0x0000000000000000-0x0000000000000000), size 0, SharedBaseAddress: 0x0000000800000000, ArchiveRelocationMode: 0.
Narrow klass base: 0x0000000000000000, Narrow klass shift: 0, Narrow klass range: 0x0

GC Precious Log:
<Empty>

Heap:
 garbage-first heap   total 0K, used 0K [0x0000000702e00000, 0x0000000800000000)
  region size 2048K, 0 young (0K), 0 survivors (0K)

[error occurred during error reporting (printing heap information), id 0xc0000005, EXCEPTION_ACCESS_VIOLATION (0xc0000005) at pc=0x00007ffa54f7e899]

GC Heap History (0 events):
No events

Deoptimization events (0 events):
No events

Classes unloaded (0 events):
No events

Classes redefined (0 events):
No events

Internal exceptions (0 events):
No events

VM Operations (0 events):
No events

Events (1 events):
Event: 0.022 Loaded shared library C:\Users\N_hashimoto\scoop\persist\vscode-portable\data\extensions\redhat.java-1.4.0\jre\17.0.2-win32-x86_64\bin\java.dll


Dynamic libraries:
0x00007ff727b20000 - 0x00007ff727b2e000 	C:\Users\N_hashimoto\scoop\persist\vscode-portable\data\extensions\redhat.java-1.4.0\jre\17.0.2-win32-x86_64\bin\java.exe
0x00007ffae6470000 - 0x00007ffae6665000 	C:\WINDOWS\SYSTEM32\ntdll.dll
0x00007ffae5380000 - 0x00007ffae543e000 	C:\WINDOWS\System32\KERNEL32.DLL
0x00007ffae3df0000 - 0x00007ffae40b8000 	C:\WINDOWS\System32\KERNELBASE.dll
0x00007ffae4210000 - 0x00007ffae4310000 	C:\WINDOWS\System32\ucrtbase.dll
0x00007ffa945f0000 - 0x00007ffa94608000 	C:\Users\N_hashimoto\scoop\persist\vscode-portable\data\extensions\redhat.java-1.4.0\jre\17.0.2-win32-x86_64\bin\jli.dll
0x00007ffa637c0000 - 0x00007ffa637d9000 	C:\Users\N_hashimoto\scoop\persist\vscode-portable\data\extensions\redhat.java-1.4.0\jre\17.0.2-win32-x86_64\bin\VCRUNTIME140.dll
0x00007ffae4fc0000 - 0x00007ffae5160000 	C:\WINDOWS\System32\USER32.dll
0x00007ffae4340000 - 0x00007ffae4362000 	C:\WINDOWS\System32\win32u.dll
0x00007ffae5790000 - 0x00007ffae57bb000 	C:\WINDOWS\System32\GDI32.dll
0x00007ffae3c90000 - 0x00007ffae3d9b000 	C:\WINDOWS\System32\gdi32full.dll
0x00007ffae40c0000 - 0x00007ffae415d000 	C:\WINDOWS\System32\msvcp_win.dll
0x00007ffac73f0000 - 0x00007ffac768a000 	C:\WINDOWS\WinSxS\amd64_microsoft.windows.common-controls_6595b64144ccf1df_6.0.19041.1110_none_60b5254171f9507e\COMCTL32.dll
0x00007ffae4ec0000 - 0x00007ffae4f5e000 	C:\WINDOWS\System32\msvcrt.dll
0x00007ffae4c30000 - 0x00007ffae4c60000 	C:\WINDOWS\System32\IMM32.DLL
0x00007ffa96b60000 - 0x00007ffa96b6c000 	C:\Users\N_hashimoto\scoop\persist\vscode-portable\data\extensions\redhat.java-1.4.0\jre\17.0.2-win32-x86_64\bin\vcruntime140_1.dll
0x00007ffa58900000 - 0x00007ffa58991000 	C:\Users\N_hashimoto\scoop\persist\vscode-portable\data\extensions\redhat.java-1.4.0\jre\17.0.2-win32-x86_64\bin\msvcp140.dll
0x00007ffa548b0000 - 0x00007ffa554f7000 	C:\Users\N_hashimoto\scoop\persist\vscode-portable\data\extensions\redhat.java-1.4.0\jre\17.0.2-win32-x86_64\bin\server\jvm.dll
0x00007ffae4e10000 - 0x00007ffae4ebe000 	C:\WINDOWS\System32\ADVAPI32.dll
0x00007ffae45a0000 - 0x00007ffae463c000 	C:\WINDOWS\System32\sechost.dll
0x00007ffae51d0000 - 0x00007ffae52f5000 	C:\WINDOWS\System32\RPCRT4.dll
0x00007ffae4e00000 - 0x00007ffae4e08000 	C:\WINDOWS\System32\PSAPI.DLL
0x00007ffae1870000 - 0x00007ffae1897000 	C:\WINDOWS\SYSTEM32\WINMM.dll
0x00007ffadc110000 - 0x00007ffadc11a000 	C:\WINDOWS\SYSTEM32\VERSION.dll
0x00007ffa94fe0000 - 0x00007ffa94fe9000 	C:\WINDOWS\SYSTEM32\WSOCK32.dll
0x00007ffae4d90000 - 0x00007ffae4dfb000 	C:\WINDOWS\System32\WS2_32.dll
0x00007ffae23f0000 - 0x00007ffae2402000 	C:\WINDOWS\SYSTEM32\kernel.appcore.dll
0x00007ffa94ae0000 - 0x00007ffa94aea000 	C:\Users\N_hashimoto\scoop\persist\vscode-portable\data\extensions\redhat.java-1.4.0\jre\17.0.2-win32-x86_64\bin\jimage.dll
0x00007ffae1680000 - 0x00007ffae1864000 	C:\WINDOWS\SYSTEM32\DBGHELP.DLL
0x00007ffae1650000 - 0x00007ffae167c000 	C:\WINDOWS\SYSTEM32\dbgcore.DLL
0x00007ffae3b90000 - 0x00007ffae3c12000 	C:\WINDOWS\System32\bcryptPrimitives.dll
0x00007ffa636f0000 - 0x00007ffa63715000 	C:\Users\N_hashimoto\scoop\persist\vscode-portable\data\extensions\redhat.java-1.4.0\jre\17.0.2-win32-x86_64\bin\java.dll

dbghelp: loaded successfully - version: 4.0.5 - missing functions: none
symbol engine: initialized successfully - sym options: 0x614 - pdb path: .;C:\Users\N_hashimoto\scoop\persist\vscode-portable\data\extensions\redhat.java-1.4.0\jre\17.0.2-win32-x86_64\bin;C:\WINDOWS\SYSTEM32;C:\WINDOWS\WinSxS\amd64_microsoft.windows.common-controls_6595b64144ccf1df_6.0.19041.1110_none_60b5254171f9507e;C:\Users\N_hashimoto\scoop\persist\vscode-portable\data\extensions\redhat.java-1.4.0\jre\17.0.2-win32-x86_64\bin\server

VM Arguments:
jvm_args: -Dsts.lsp.client=vscode -Dsts.log.file=/dev/null -XX:TieredStopAtLevel=1 -Dspring.config.location=file:c:\Users\N_hashimoto\scoop\apps\vscode-portable\1.63.2\data\extensions\pivotal.vscode-spring-boot-1.32.0\language-server\BOOT-INF\classes\application.properties 
java_command: org.springframework.ide.vscode.boot.app.BootLanguageServerBootApp
java_class_path (initial): c:\Users\N_hashimoto\scoop\apps\vscode-portable\1.63.2\data\extensions\pivotal.vscode-spring-boot-1.32.0\language-server\BOOT-INF\classes;c:\Users\N_hashimoto\scoop\apps\vscode-portable\1.63.2\data\extensions\pivotal.vscode-spring-boot-1.32.0\language-server\BOOT-INF\lib\antlr4-runtime-4.5.3.jar;c:\Users\N_hashimoto\scoop\apps\vscode-portable\1.63.2\data\extensions\pivotal.vscode-spring-boot-1.32.0\language-server\BOOT-INF\lib\byte-buddy-1.10.18.jar;c:\Users\N_hashimoto\scoop\apps\vscode-portable\1.63.2\data\extensions\pivotal.vscode-spring-boot-1.32.0\language-server\BOOT-INF\lib\commons-codec-1.14.jar;c:\Users\N_hashimoto\scoop\apps\vscode-portable\1.63.2\data\extensions\pivotal.vscode-spring-boot-1.32.0\language-server\BOOT-INF\lib\commons-io-2.4.jar;c:\Users\N_hashimoto\scoop\apps\vscode-portable\1.63.2\data\extensions\pivotal.vscode-spring-boot-1.32.0\language-server\BOOT-INF\lib\commons-java-1.32.0-SNAPSHOT.jar;c:\Users\N_hashimoto\scoop\apps\vscode-portable\1.63.2\data\extensions\pivotal.vscode-spring-boot-1.32.0\language-server\BOOT-INF\lib\commons-lang3-3.10.jar;c:\Users\N_hashimoto\scoop\apps\vscode-portable\1.63.2\data\extensions\pivotal.vscode-spring-boot-1.32.0\language-server\BOOT-INF\lib\commons-language-server-1.32.0-SNAPSHOT.jar;c:\Users\N_hashimoto\scoop\apps\vscode-portable\1.63.2\data\extensions\pivotal.vscode-spring-boot-1.32.0\language-server\BOOT-INF\lib\commons-lsp-extensions-1.32.0-SNAPSHOT.jar;c:\Users\N_hashimoto\scoop\apps\vscode-portable\1.63.2\data\extensions\pivotal.vscode-spring-boot-1.32.0\language-server\BOOT-INF\lib\commons-util-1.32.0-SNAPSHOT.jar;c:\Users\N_hashimoto\scoop\apps\vscode-portable\1.63.2\data\extensions\pivotal.vscode-spring-boot-1.32.0\language-server\BOOT-INF\lib\commons-yaml-1.32.0-SNAPSHOT.jar;c:\Users\N_hashimoto\scoop\apps\vscode-portable\1.63.2\data\extensions\pivotal.vscode-spring-boot-1.32.0\language-server\BOOT-INF\lib\gson-2.8.6.jar;c:\Users\N_hashimoto\scoop\apps\vscode-portab
Launcher Type: SUN_STANDARD

[Global flags]
     intx CICompilerCount                          = 4                                         {product} {ergonomic}
     uint ConcGCThreads                            = 3                                         {product} {ergonomic}
     uint G1ConcRefinementThreads                  = 10                                        {product} {ergonomic}
   size_t G1HeapRegionSize                         = 2097152                                   {product} {ergonomic}
    uintx GCDrainStackTargetSize                   = 64                                        {product} {ergonomic}
   size_t InitialHeapSize                          = 266338304                                 {product} {ergonomic}
   size_t MarkStackSize                            = 4194304                                   {product} {ergonomic}
   size_t MaxHeapSize                              = 4246732800                                {product} {ergonomic}
   size_t MinHeapDeltaBytes                        = 2097152                                   {product} {ergonomic}
   size_t MinHeapSize                              = 8388608                                   {product} {ergonomic}
    uintx NonProfiledCodeHeapSize                  = 0                                      {pd product} {ergonomic}
     bool ProfileInterpreter                       = false                                  {pd product} {command line}
    uintx ProfiledCodeHeapSize                     = 0                                      {pd product} {ergonomic}
   size_t SoftMaxHeapSize                          = 4246732800                             {manageable} {ergonomic}
     intx TieredStopAtLevel                        = 1                                         {product} {command line}
     bool UseCompressedClassPointers               = true                           {product lp64_product} {ergonomic}
     bool UseCompressedOops                        = true                           {product lp64_product} {ergonomic}
     bool UseG1GC                                  = true                                      {product} {ergonomic}
     bool UseLargePagesIndividualAllocation        = false                                  {pd product} {ergonomic}

Logging:
Log output configuration:
 #0: stdout all=warning uptime,level,tags
 #1: stderr all=off uptime,level,tags

Environment Variables:
JAVA_HOME=C:\Users\N_hashimoto\scoop\apps\openjdk11\current
PATH=C:\oraclexe\app\oracle\product\11.2.0\server\bin;C:\Windows\system32;C:\Windows;C:\Windows\System32\Wbem;C:\Program Files\dotnet\;C:\Windows\System32\WindowsPowerShell\v1.0\;C:\Windows\System32\OpenSSH\;C:\Program Files (x86)\NVIDIA Corporation\PhysX\Common;C:\Program Files\NVIDIA Corporation\NVIDIA NvDLISR;C:\WINDOWS\system32;C:\WINDOWS;C:\WINDOWS\System32\Wbem;C:\WINDOWS\System32\WindowsPowerShell\v1.0\;C:\WINDOWS\System32\OpenSSH\;C:\Users\N_hashimoto\scoop\shims;C:\Program Files\Docker\Docker\resources\bin;C:\ProgramData\DockerDesktop\version-bin;C:\Program Files\gs\gs9.54.0\lib;C:\Program Files\gs\gs9.54.0\bin;C:\Program Files\Git\cmd;C:\Program Files (x86)\Yarn\bin\;C:\Program Files\nodejs\;C:\Users\N_hashimoto\scoop\apps\openjdk11\current\bin;C:\Users\N_hashimoto\scoop\apps\vscode-portable\current\bin;C:\Users\N_hashimoto\AppData\Local\Programs\Python\Python310\Scripts\;C:\Users\N_hashimoto\AppData\Local\Programs\Python\Python310\;C:\Users\N_hashimoto\scoop\shims;C:\Users\N_hashimoto\scoop\apps\yarn\current\global\node_modules\.bin;C:\Users\N_hashimoto\scoop\apps\yarn\current\Yarn\bin;C:\oraclexe\app\oracle\product\11.2.0\server\bin;C:\Windows\system32;C:\Windows;C:\Windows\System32\Wbem;C:\Program Files\dotnet\;C:\Windows\System32\WindowsPowerShell\v1.0\;C:\Windows\System32\OpenSSH\;C:\Program Files (x86)\NVIDIA Corporation\PhysX\Common;C:\Program Files\NVIDIA Corporation\NVIDIA NvDLISR;C:\WINDOWS\system32;C:\WINDOWS;C:\WINDOWS\System32\Wbem;C:\WINDOWS\System32\WindowsPowerShell\v1.0\;C:\WINDOWS\System32\OpenSSH\;C:\Program Files\Docker\Docker\resources\bin;C:\ProgramData\DockerDesktop\version-bin;C:\Users\N_hashimoto\AppData\Local\Microsoft\WindowsApps;C:\Users\N_hashimoto\.dotnet\tools;C:\ProgramData\chocolatey\lib\mingw\tools\install\mingw64\bin;C:\Users\N_hashimoto\scoop\apps\nvm\current\nodejs\nodejs;C:\Users\N_hashimoto\scoop\apps\yarn\current\bin;C:\Users\N_hashimoto\AppData\Local\Yarn\bin;C:\Users\N_hashimoto\AppData\Roaming\npm
USERNAME=N_hashimoto
OS=Windows_NT
PROCESSOR_IDENTIFIER=Intel64 Family 6 Model 158 Stepping 10, GenuineIntel



---------------  S Y S T E M  ---------------

OS:
 Windows 10 , 64 bit Build 19041 (10.0.19041.1566)
OS uptime: 5 days 4:41 hours
Hyper-V role detected

CPU: total 12 (initial active 12) (6 cores per cpu, 2 threads per core) family 6 model 158 stepping 10 microcode 0xde, cx8, cmov, fxsr, ht, mmx, 3dnowpref, sse, sse2, sse3, ssse3, sse4.1, sse4.2, popcnt, lzcnt, tsc, tscinvbit, avx, avx2, aes, erms, clmul, bmi1, bmi2, adx, fma, vzeroupper, clflush, clflushopt, hv

Memory: 4k page, system-wide physical 16196M (226M free)
TotalPageFile size 44481M (AvailPageFile size 126M)
current process WorkingSet (physical memory assigned to process): 10M, peak: 10M
current process commit charge ("private bytes"): 59M, peak: 313M

vm_info: OpenJDK 64-Bit Server VM (17.0.2+8) for windows-amd64 JRE (17.0.2+8), built on Jan 20 2022 04:52:34 by "" with MS VC++ 16.7 (VS2019)

END.
